<?xml version="1.0" encoding="UTF-8"?>
<testsuite xmlns:xsi="http://www.w3.org/2001/XMLSchema-instance" xsi:noNamespaceSchemaLocation="https://maven.apache.org/surefire/maven-surefire-plugin/xsd/surefire-test-report-3.0.xsd" version="3.0" name="com.manga.library.JwtTest" time="14.066" tests="1" errors="0" skipped="0" failures="0">
  <properties>
[...]
</properties>
  <testcase name="testPostChapter" classname="com.manga.library.JwtTest" time="1.141">
    <system-out><![CDATA[00:55:29.094 [main] INFO org.springframework.test.context.support.AnnotationConfigContextLoaderUtils -- Could not detect default configuration classes for test class [com.manga.library.JwtTest]: JwtTest does not declare any static, non-private, non-final, nested classes annotated with @Configuration.
00:55:29.350 [main] INFO org.springframework.boot.test.context.SpringBootTestContextBootstrapper -- Found @SpringBootConfiguration com.manga.library.MangaLibraryApplication for test class com.manga.library.JwtTest

  .   ____          _            __ _ _
 /\\ / ___'_ __ _ _(_)_ __  __ _ \ \ \ \
( ( )\___ | '_ | '_| | '_ \/ _` | \ \ \ \
 \\/  ___)| |_)| | | | | || (_| |  ) ) ) )
  '  |____| .__|_| |_|_| |_\__, | / / / /
 =========|_|==============|___/=/_/_/_/
 :: Spring Boot ::                (v3.2.5)

2026-06-12T00:55:30.526+05:30  INFO 256629 --- [manga-library-backend] [           main] com.manga.library.JwtTest                : Starting JwtTest using Java 17.0.19 with PID 256629 (started by sagnik in /home/sagnik/Projects/docker-composes/manga-library/backend)
2026-06-12T00:55:30.529+05:30  INFO 256629 --- [manga-library-backend] [           main] com.manga.library.JwtTest                : No active profile set, falling back to 1 default profile: "default"
2026-06-12T00:55:32.686+05:30  INFO 256629 --- [manga-library-backend] [           main] .s.d.r.c.RepositoryConfigurationDelegate : Multiple Spring Data modules found, entering strict repository configuration mode
2026-06-12T00:55:32.692+05:30  INFO 256629 --- [manga-library-backend] [           main] .s.d.r.c.RepositoryConfigurationDelegate : Bootstrapping Spring Data JPA repositories in DEFAULT mode.
2026-06-12T00:55:33.330+05:30  INFO 256629 --- [manga-library-backend] [           main] .s.d.r.c.RepositoryConfigurationDelegate : Finished Spring Data repository scanning in 619 ms. Found 11 JPA repository interfaces.
2026-06-12T00:55:33.447+05:30  INFO 256629 --- [manga-library-backend] [           main] .s.d.r.c.RepositoryConfigurationDelegate : Multiple Spring Data modules found, entering strict repository configuration mode
2026-06-12T00:55:33.449+05:30  INFO 256629 --- [manga-library-backend] [           main] .s.d.r.c.RepositoryConfigurationDelegate : Bootstrapping Spring Data Redis repositories in DEFAULT mode.
2026-06-12T00:55:33.521+05:30  INFO 256629 --- [manga-library-backend] [           main] .RepositoryConfigurationExtensionSupport : Spring Data Redis - Could not safely identify store assignment for repository candidate interface com.manga.library.repository.ChapterRepository; If you want this repository to be a Redis repository, consider annotating your entities with one of these annotations: org.springframework.data.redis.core.RedisHash (preferred), or consider extending one of the following types with your repository: org.springframework.data.keyvalue.repository.KeyValueRepository
2026-06-12T00:55:33.522+05:30  INFO 256629 --- [manga-library-backend] [           main] .RepositoryConfigurationExtensionSupport : Spring Data Redis - Could not safely identify store assignment for repository candidate interface com.manga.library.repository.ConversationRepository; If you want this repository to be a Redis repository, consider annotating your entities with one of these annotations: org.springframework.data.redis.core.RedisHash (preferred), or consider extending one of the following types with your repository: org.springframework.data.keyvalue.repository.KeyValueRepository
2026-06-12T00:55:33.523+05:30  INFO 256629 --- [manga-library-backend] [           main] .RepositoryConfigurationExtensionSupport : Spring Data Redis - Could not safely identify store assignment for repository candidate interface com.manga.library.repository.ImageRepository; If you want this repository to be a Redis repository, consider annotating your entities with one of these annotations: org.springframework.data.redis.core.RedisHash (preferred), or consider extending one of the following types with your repository: org.springframework.data.keyvalue.repository.KeyValueRepository
2026-06-12T00:55:33.530+05:30  INFO 256629 --- [manga-library-backend] [           main] .RepositoryConfigurationExtensionSupport : Spring Data Redis - Could not safely identify store assignment for repository candidate interface com.manga.library.repository.LayerElementRepository; If you want this repository to be a Redis repository, consider annotating your entities with one of these annotations: org.springframework.data.redis.core.RedisHash (preferred), or consider extending one of the following types with your repository: org.springframework.data.keyvalue.repository.KeyValueRepository
2026-06-12T00:55:33.531+05:30  INFO 256629 --- [manga-library-backend] [           main] .RepositoryConfigurationExtensionSupport : Spring Data Redis - Could not safely identify store assignment for repository candidate interface com.manga.library.repository.LayerRepository; If you want this repository to be a Redis repository, consider annotating your entities with one of these annotations: org.springframework.data.redis.core.RedisHash (preferred), or consider extending one of the following types with your repository: org.springframework.data.keyvalue.repository.KeyValueRepository
2026-06-12T00:55:33.532+05:30  INFO 256629 --- [manga-library-backend] [           main] .RepositoryConfigurationExtensionSupport : Spring Data Redis - Could not safely identify store assignment for repository candidate interface com.manga.library.repository.OcrRegionRepository; If you want this repository to be a Redis repository, consider annotating your entities with one of these annotations: org.springframework.data.redis.core.RedisHash (preferred), or consider extending one of the following types with your repository: org.springframework.data.keyvalue.repository.KeyValueRepository
2026-06-12T00:55:33.533+05:30  INFO 256629 --- [manga-library-backend] [           main] .RepositoryConfigurationExtensionSupport : Spring Data Redis - Could not safely identify store assignment for repository candidate interface com.manga.library.repository.PageRepository; If you want this repository to be a Redis repository, consider annotating your entities with one of these annotations: org.springframework.data.redis.core.RedisHash (preferred), or consider extending one of the following types with your repository: org.springframework.data.keyvalue.repository.KeyValueRepository
2026-06-12T00:55:33.534+05:30  INFO 256629 --- [manga-library-backend] [           main] .RepositoryConfigurationExtensionSupport : Spring Data Redis - Could not safely identify store assignment for repository candidate interface com.manga.library.repository.PanelRepository; If you want this repository to be a Redis repository, consider annotating your entities with one of these annotations: org.springframework.data.redis.core.RedisHash (preferred), or consider extending one of the following types with your repository: org.springframework.data.keyvalue.repository.KeyValueRepository
2026-06-12T00:55:33.536+05:30  INFO 256629 --- [manga-library-backend] [           main] .RepositoryConfigurationExtensionSupport : Spring Data Redis - Could not safely identify store assignment for repository candidate interface com.manga.library.repository.SeriesRepository; If you want this repository to be a Redis repository, consider annotating your entities with one of these annotations: org.springframework.data.redis.core.RedisHash (preferred), or consider extending one of the following types with your repository: org.springframework.data.keyvalue.repository.KeyValueRepository
2026-06-12T00:55:33.537+05:30  INFO 256629 --- [manga-library-backend] [           main] .RepositoryConfigurationExtensionSupport : Spring Data Redis - Could not safely identify store assignment for repository candidate interface com.manga.library.repository.UserRepository; If you want this repository to be a Redis repository, consider annotating your entities with one of these annotations: org.springframework.data.redis.core.RedisHash (preferred), or consider extending one of the following types with your repository: org.springframework.data.keyvalue.repository.KeyValueRepository
2026-06-12T00:55:33.538+05:30  INFO 256629 --- [manga-library-backend] [           main] .RepositoryConfigurationExtensionSupport : Spring Data Redis - Could not safely identify store assignment for repository candidate interface com.manga.library.repository.VolumeRepository; If you want this repository to be a Redis repository, consider annotating your entities with one of these annotations: org.springframework.data.redis.core.RedisHash (preferred), or consider extending one of the following types with your repository: org.springframework.data.keyvalue.repository.KeyValueRepository
2026-06-12T00:55:33.541+05:30  INFO 256629 --- [manga-library-backend] [           main] .s.d.r.c.RepositoryConfigurationDelegate : Finished Spring Data repository scanning in 66 ms. Found 0 Redis repository interfaces.
2026-06-12T00:55:35.045+05:30  INFO 256629 --- [manga-library-backend] [           main] o.hibernate.jpa.internal.util.LogHelper  : HHH000204: Processing PersistenceUnitInfo [name: default]
2026-06-12T00:55:35.150+05:30  INFO 256629 --- [manga-library-backend] [           main] org.hibernate.Version                    : HHH000412: Hibernate ORM core version 6.4.4.Final
2026-06-12T00:55:35.211+05:30  INFO 256629 --- [manga-library-backend] [           main] o.h.c.internal.RegionFactoryInitiator    : HHH000026: Second-level cache disabled
2026-06-12T00:55:35.694+05:30  INFO 256629 --- [manga-library-backend] [           main] o.s.o.j.p.SpringPersistenceUnitInfo      : No LoadTimeWeaver setup: ignoring JPA class transformer
2026-06-12T00:55:35.753+05:30  INFO 256629 --- [manga-library-backend] [           main] com.zaxxer.hikari.HikariDataSource       : HikariPool-1 - Starting...
2026-06-12T00:55:36.034+05:30  INFO 256629 --- [manga-library-backend] [           main] com.zaxxer.hikari.pool.HikariPool        : HikariPool-1 - Added connection org.postgresql.jdbc.PgConnection@56f9de3b
2026-06-12T00:55:36.036+05:30  INFO 256629 --- [manga-library-backend] [           main] com.zaxxer.hikari.HikariDataSource       : HikariPool-1 - Start completed.
2026-06-12T00:55:36.079+05:30  WARN 256629 --- [manga-library-backend] [           main] org.hibernate.orm.deprecation            : HHH90000025: PostgreSQLDialect does not need to be specified explicitly using 'hibernate.dialect' (remove the property setting and it will be selected by default)
2026-06-12T00:55:37.998+05:30  INFO 256629 --- [manga-library-backend] [           main] o.h.e.t.j.p.i.JtaPlatformInitiator       : HHH000489: No JTA platform available (set 'hibernate.transaction.jta.platform' to enable JTA platform integration)
2026-06-12T00:55:38.398+05:30  INFO 256629 --- [manga-library-backend] [           main] j.LocalContainerEntityManagerFactoryBean : Initialized JPA EntityManagerFactory for persistence unit 'default'
2026-06-12T00:55:40.285+05:30  WARN 256629 --- [manga-library-backend] [           main] JpaBaseConfiguration$JpaWebConfiguration : spring.jpa.open-in-view is enabled by default. Therefore, database queries may be performed during view rendering. Explicitly configure spring.jpa.open-in-view to disable this warning
2026-06-12T00:55:40.729+05:30  INFO 256629 --- [manga-library-backend] [           main] o.s.s.web.DefaultSecurityFilterChain     : Will secure any request with [org.springframework.security.web.session.DisableEncodeUrlFilter@14ca4b4d, org.springframework.security.web.context.request.async.WebAsyncManagerIntegrationFilter@31b2c451, org.springframework.security.web.context.SecurityContextHolderFilter@68f1e261, org.springframework.security.web.header.HeaderWriterFilter@2ceb722e, org.springframework.web.filter.CorsFilter@1201c2f6, org.springframework.security.web.authentication.logout.LogoutFilter@69780093, com.manga.library.config.JwtAuthFilter@489c15e2, org.springframework.security.web.savedrequest.RequestCacheAwareFilter@124e538e, org.springframework.security.web.servletapi.SecurityContextHolderAwareRequestFilter@dcc7d1c, org.springframework.security.web.authentication.AnonymousAuthenticationFilter@cbf9cc1, org.springframework.security.web.session.SessionManagementFilter@4f75c627, org.springframework.security.web.access.ExceptionTranslationFilter@1acd952e, org.springframework.security.web.access.intercept.AuthorizationFilter@7e9b68c5]
2026-06-12T00:55:41.369+05:30  INFO 256629 --- [manga-library-backend] [           main] o.s.b.t.m.w.SpringBootMockServletContext : Initializing Spring TestDispatcherServlet ''
2026-06-12T00:55:41.369+05:30  INFO 256629 --- [manga-library-backend] [           main] o.s.t.web.servlet.TestDispatcherServlet  : Initializing Servlet ''
2026-06-12T00:55:41.373+05:30  INFO 256629 --- [manga-library-backend] [           main] o.s.t.web.servlet.TestDispatcherServlet  : Completed initialization in 3 ms
2026-06-12T00:55:41.425+05:30  INFO 256629 --- [manga-library-backend] [           main] com.manga.library.JwtTest                : Started JwtTest in 11.792 seconds (process running for 14.993)

MockHttpServletRequest:
      HTTP Method = POST
      Request URI = /api/series/0672051f-9264-4d57-878b-d208e59a8326/chapters
       Parameters = {}
          Headers = [Content-Type:"application/json;charset=UTF-8", Authorization:"Bearer eyJhbGciOiJIUzI1NiJ9.eyJzdWIiOiJscjh0aHhoNXVAbW96bWFpbC5jb20iLCJpYXQiOjE3ODEyMDUyNTQsImV4cCI6MTc4MTI5MTY1NH0.Oql6msIgRsUkkdOaQ93hXB2d9bH6ptQxQIs-j3pBgGs", Content-Length:"59"]
             Body = {"id":null,"seriesId":null,"chapterNumber":1,"title":"One"}
    Session Attrs = {}

Handler:
             Type = com.manga.library.controller.SeriesController
           Method = com.manga.library.controller.SeriesController#createChapter(UUID, ChapterDto)

Async:
    Async started = false
     Async result = null

Resolved Exception:
             Type = null

ModelAndView:
        View name = null
             View = null
            Model = null

FlashMap:
       Attributes = null

MockHttpServletResponse:
           Status = 200
    Error message = null
          Headers = [Vary:"Origin", "Access-Control-Request-Method", "Access-Control-Request-Headers", Content-Type:"application/json", X-Content-Type-Options:"nosniff", X-XSS-Protection:"0", Cache-Control:"no-cache, no-store, max-age=0, must-revalidate", Pragma:"no-cache", Expires:"0", X-Frame-Options:"DENY"]
     Content type = application/json
             Body = {"id":"7ddcb742-13d2-47e5-ac83-915522a7f78f","seriesId":"0672051f-9264-4d57-878b-d208e59a8326","chapterNumber":1,"title":"One"}
    Forwarded URL = null
   Redirected URL = null
          Cookies = []
]]></system-out>
  </testcase>
</testsuite>